<?xml version="1.0" encoding="UTF-8"?>
<!-- Generated by org.testng.reporters.JUnitXMLReporter -->
<testsuite ignored="0" hostname="TL508" failures="0" tests="3" name="Default test" time="0.047" errors="0" timestamp="2023-03-07T14:27:46 IST">
  <testcase classname="InterviewPrep.DataProviderDemo" name="Test" time="0.006"/>
  <testcase classname="InterviewPrep.DataProviderDemo" name="Test" time="0.001"/>
  <testcase classname="InterviewPrep.DataProviderDemo" name="Test" time="0.0"/>
</testsuite> <!-- Default test -->
