<?xml version="1.0" encoding="UTF-8"?>
<testng-results ignored="0" total="3" passed="3" failed="0" skipped="0">
  <reporter-output>
  </reporter-output>
  <suite started-at="2023-03-07T14:27:46 IST" name="Default suite" finished-at="2023-03-07T14:27:46 IST" duration-ms="47">
    <groups>
    </groups>
    <test started-at="2023-03-07T14:27:46 IST" name="Default test" finished-at="2023-03-07T14:27:46 IST" duration-ms="47">
      <class name="InterviewPrep.DataProviderDemo">
        <test-method signature="Test(double,double)[pri:0, instance:InterviewPrep.DataProviderDemo@76a4ebf2]" started-at="2023-03-07T14:27:46 IST" name="Test" data-provider="testData" finished-at="2023-03-07T14:27:46 IST" duration-ms="6" status="PASS">
          <params>
            <param index="0">
              <value>
                <![CDATA[2134234.0]]>
              </value>
            </param>
            <param index="1">
              <value>
                <![CDATA[234234.0]]>
              </value>
            </param>
          </params>
          <reporter-output>
          </reporter-output>
        </test-method> <!-- Test -->
        <test-method signature="Test(double,double)[pri:0, instance:InterviewPrep.DataProviderDemo@76a4ebf2]" started-at="2023-03-07T14:27:46 IST" name="Test" data-provider="testData" finished-at="2023-03-07T14:27:46 IST" duration-ms="1" status="PASS">
          <params>
            <param index="0">
              <value>
                <![CDATA[2134234.0]]>
              </value>
            </param>
            <param index="1">
              <value>
                <![CDATA[234234.0]]>
              </value>
            </param>
          </params>
          <reporter-output>
          </reporter-output>
        </test-method> <!-- Test -->
        <test-method signature="Test(double,double)[pri:0, instance:InterviewPrep.DataProviderDemo@76a4ebf2]" started-at="2023-03-07T14:27:46 IST" name="Test" data-provider="testData" finished-at="2023-03-07T14:27:46 IST" duration-ms="0" status="PASS">
          <params>
            <param index="0">
              <value>
                <![CDATA[2134234.0]]>
              </value>
            </param>
            <param index="1">
              <value>
                <![CDATA[234234.0]]>
              </value>
            </param>
          </params>
          <reporter-output>
          </reporter-output>
        </test-method> <!-- Test -->
      </class> <!-- InterviewPrep.DataProviderDemo -->
    </test> <!-- Default test -->
  </suite> <!-- Default suite -->
</testng-results>
